Using pre-set license
Built from '2020.3/release' branch; Version is '2020.3.7f1 (dd97f2c94397) revision 14522354'; Using compiler version '192528614'; Build Type 'Release'
OS: 'Windows 10 Pro; OS build 19042.985; Version 2009; 64bit' Language: 'es' Physical Memory: 16322 MB
BatchMode: 1, IsHumanControllingUs: 0, StartBugReporterOnCrash: 0, Is64bit: 1, IsPro: 0

 COMMAND LINE ARGUMENTS:
C:\Program Files\Unity\Hub\Editor\2020.3.7f1\Editor\Unity.exe
-adb2
-batchMode
-noUpm
-name
AssetImportWorker0
-projectPath
C:/Users/user/Documents/Leo Trabajos Uni/2do Semestre/Proyecto semestral introducci贸n al desarrollo de interactivos/Proyecto 2D
-logFile
Logs/AssetImportWorker0.log
-srvPort
56589
Successfully changed project path to: C:/Users/user/Documents/Leo Trabajos Uni/2do Semestre/Proyecto semestral introducci贸n al desarrollo de interactivos/Proyecto 2D
C:/Users/user/Documents/Leo Trabajos Uni/2do Semestre/Proyecto semestral introducci贸n al desarrollo de interactivos/Proyecto 2D
Using Asset Import Pipeline V2.
Refreshing native plugins compatible for Editor in 26.00 ms, found 0 plugins.
Preloading 0 native plugins for Editor in 0.00 ms.
Initialize engine version: 2020.3.7f1 (dd97f2c94397)
[Subsystems] Discovering subsystems at path C:/Program Files/Unity/Hub/Editor/2020.3.7f1/Editor/Data/Resources/UnitySubsystems
[Subsystems] Discovering subsystems at path C:/Users/user/Documents/Leo Trabajos Uni/2do Semestre/Proyecto semestral introducci贸n al desarrollo de interactivos/Proyecto 2D/Assets
GfxDevice: creating device client; threaded=0
Direct3D:
    Version:  Direct3D 11.0 [level 11.1]
    Renderer: NVIDIA GeForce GTX 1660 SUPER (ID=0x21c4)
    Vendor:   
    VRAM:     5991 MB
    Driver:   27.21.14.6192
Initialize mono
Mono path[0] = 'C:/Program Files/Unity/Hub/Editor/2020.3.7f1/Editor/Data/Managed'
Mono path[1] = 'C:/Program Files/Unity/Hub/Editor/2020.3.7f1/Editor/Data/MonoBleedingEdge/lib/mono/unityjit'
Mono config path = 'C:/Program Files/Unity/Hub/Editor/2020.3.7f1/Editor/Data/MonoBleedingEdge/etc'
Using monoOptions --debugger-agent=transport=dt_socket,embedding=1,server=y,suspend=n,address=127.0.0.1:56860
Begin MonoManager ReloadAssembly
Registering precompiled unity dll's ...
Register platform support module: C:/Program Files/Unity/Hub/Editor/2020.3.7f1/Editor/Data/PlaybackEngines/WindowsStandaloneSupport/UnityEditor.WindowsStandalone.Extensions.dll
Registered in 0.001606 seconds.
Native extension for WindowsStandalone target not found
Refreshing native plugins compatible for Editor in 25.96 ms, found 0 plugins.
Preloading 0 native plugins for Editor in 0.00 ms.
Mono: successfully reloaded assembly
- Completed reload, in  0.921 seconds
Platform modules already initialized, skipping
Registering precompiled user dll's ...
Registered in 0.000618 seconds.
Begin MonoManager ReloadAssembly
Native extension for WindowsStandalone target not found
Refreshing native plugins compatible for Editor in 0.25 ms, found 0 plugins.
Preloading 0 native plugins for Editor in 0.00 ms.
Mono: successfully reloaded assembly
- Completed reload, in  0.784 seconds
Platform modules already initialized, skipping
========================================================================
Worker process is ready to serve import requests
Launched and connected shader compiler UnityShaderCompiler.exe after 0.03 seconds
Refreshing native plugins compatible for Editor in 0.25 ms, found 0 plugins.
Preloading 0 native plugins for Editor in 0.00 ms.
Unloading 1205 Unused Serialized files (Serialized files now loaded: 0)
System memory in use before: 62.0 MB.
System memory in use after: 62.1 MB.

Unloading 8 unused Assets to reduce memory usage. Loaded Objects now: 1651.
Total: 3.350100 ms (FindLiveObjects: 0.421100 ms CreateObjectMapping: 0.133200 ms MarkObjects: 2.771100 ms  DeleteObjects: 0.022200 ms)

========================================================================
Received Import Request.
  path: Packages/com.unity.ext.nunit
  artifactKey: Guid(25a477c2f24db8778a4179421a32cc21) Importer(815301076,1909f56bfc062723c751e8b465ee728b)
Start importing Packages/com.unity.ext.nunit using Guid(25a477c2f24db8778a4179421a32cc21) Importer(815301076,1909f56bfc062723c751e8b465ee728b)  -> (artifact id: '9af6555fe342fad5a9c2eb21959d6a0e') in 0.010063 seconds
  Import took 0.012787 seconds .

========================================================================
Received Import Request.
  Time since last request: 11.499499 seconds.
  path: Assets/Cainos/Pixel Art Platformer - Village Props/Texture
  artifactKey: Guid(4fb7661537e28884697bca33184bdaa0) Importer(815301076,1909f56bfc062723c751e8b465ee728b)
Start importing Assets/Cainos/Pixel Art Platformer - Village Props/Texture using Guid(4fb7661537e28884697bca33184bdaa0) Importer(815301076,1909f56bfc062723c751e8b465ee728b)  -> (artifact id: '67287eb416b13e3e441193e55cd695fa') in 0.043876 seconds
  Import took 0.045755 seconds .

========================================================================
Received Import Request.
  Time since last request: 2.247091 seconds.
  path: Assets/Cainos/Pixel Art Platformer - Village Props/Texture/TX Background Grid.png
  artifactKey: Guid(4525736a9d0538940bce8f13f1227b26) Importer(815301076,1909f56bfc062723c751e8b465ee728b)
Start importing Assets/Cainos/Pixel Art Platformer - Village Props/Texture/TX Background Grid.png using Guid(4525736a9d0538940bce8f13f1227b26) Importer(815301076,1909f56bfc062723c751e8b465ee728b)  -> (artifact id: '94f1202b7967234ac2d431a361a50893') in 0.117104 seconds
  Import took 0.119083 seconds .

========================================================================
Received Import Request.
  Time since last request: 142.084565 seconds.
  path: Assets/_Amerike/Images
  artifactKey: Guid(3c416c59b332d284d9fe8f4f5ef4a9e3) Importer(815301076,1909f56bfc062723c751e8b465ee728b)
Start importing Assets/_Amerike/Images using Guid(3c416c59b332d284d9fe8f4f5ef4a9e3) Importer(815301076,1909f56bfc062723c751e8b465ee728b)  -> (artifact id: '2c3cec7207cb1620978f8fd0cd1be8a9') in 0.009012 seconds
  Import took 0.011752 seconds .

========================================================================
Received Import Request.
  Time since last request: 11.145252 seconds.
  path: Assets/_Amerike/Images/Back.png
  artifactKey: Guid(38cb561e5c1912e419b64ab33d993dc5) Importer(815301076,1909f56bfc062723c751e8b465ee728b)
Start importing Assets/_Amerike/Images/Back.png using Guid(38cb561e5c1912e419b64ab33d993dc5) Importer(815301076,1909f56bfc062723c751e8b465ee728b)  -> (artifact id: 'ee38565dde9d8c1534c36bcc17f08e18') in 0.013384 seconds
  Import took 0.015290 seconds .

========================================================================
Received Import Request.
  Time since last request: 8.699690 seconds.
  path: Assets/_Amerike/Images/Back.png
  artifactKey: Guid(38cb561e5c1912e419b64ab33d993dc5) Importer(815301076,1909f56bfc062723c751e8b465ee728b)
Start importing Assets/_Amerike/Images/Back.png using Guid(38cb561e5c1912e419b64ab33d993dc5) Importer(815301076,1909f56bfc062723c751e8b465ee728b)  -> (artifact id: '622cb3791d897df41f006fa0eaf7edad') in 0.035901 seconds
  Import took 0.037956 seconds .

========================================================================
Received Prepare
Registering precompiled user dll's ...
Registered in 0.000868 seconds.
Begin MonoManager ReloadAssembly
Native extension for WindowsStandalone target not found
Refreshing native plugins compatible for Editor in 0.27 ms, found 0 plugins.
Preloading 0 native plugins for Editor in 0.00 ms.
Mono: successfully reloaded assembly
- Completed reload, in  0.808 seconds
Platform modules already initialized, skipping
Refreshing native plugins compatible for Editor in 0.30 ms, found 0 plugins.
Preloading 0 native plugins for Editor in 0.00 ms.
Unloading 1186 Unused Serialized files (Serialized files now loaded: 0)
System memory in use before: 63.7 MB.
System memory in use after: 63.8 MB.

Unloading 4 unused Assets to reduce memory usage. Loaded Objects now: 1663.
Total: 1.609300 ms (FindLiveObjects: 0.211900 ms CreateObjectMapping: 0.064900 ms MarkObjects: 1.319000 ms  DeleteObjects: 0.012100 ms)

========================================================================
Received Prepare
Registering precompiled user dll's ...
Registered in 0.000755 seconds.
Begin MonoManager ReloadAssembly
Native extension for WindowsStandalone target not found
Refreshing native plugins compatible for Editor in 0.42 ms, found 0 plugins.
Preloading 0 native plugins for Editor in 0.00 ms.
Mono: successfully reloaded assembly
- Completed reload, in  0.799 seconds
Platform modules already initialized, skipping
Refreshing native plugins compatible for Editor in 0.39 ms, found 0 plugins.
Preloading 0 native plugins for Editor in 0.00 ms.
Unloading 1186 Unused Serialized files (Serialized files now loaded: 0)
System memory in use before: 63.7 MB.
System memory in use after: 63.8 MB.

Unloading 4 unused Assets to reduce memory usage. Loaded Objects now: 1666.
Total: 2.611900 ms (FindLiveObjects: 0.263300 ms CreateObjectMapping: 0.154600 ms MarkObjects: 2.176600 ms  DeleteObjects: 0.014200 ms)

========================================================================
Received Prepare
Registering precompiled user dll's ...
Registered in 0.001009 seconds.
Begin MonoManager ReloadAssembly
Native extension for WindowsStandalone target not found
Refreshing native plugins compatible for Editor in 0.42 ms, found 0 plugins.
Preloading 0 native plugins for Editor in 0.00 ms.
Mono: successfully reloaded assembly
- Completed reload, in  0.790 seconds
Platform modules already initialized, skipping
Refreshing native plugins compatible for Editor in 0.27 ms, found 0 plugins.
Preloading 0 native plugins for Editor in 0.00 ms.
Unloading 1186 Unused Serialized files (Serialized files now loaded: 0)
System memory in use before: 63.7 MB.
System memory in use after: 63.8 MB.

Unloading 4 unused Assets to reduce memory usage. Loaded Objects now: 1669.
Total: 2.853600 ms (FindLiveObjects: 0.274000 ms CreateObjectMapping: 0.156000 ms MarkObjects: 2.402800 ms  DeleteObjects: 0.019300 ms)

AssetImportWorkerClient::OnTransportError - code=2 error=End of file
